WARNING 2019-08-23 09:51:55,587  * Debugger is active!
INFO 2019-08-23 09:51:55,607  * Debugger PIN: 149-267-411
DEBUG 2019-08-23 09:51:58,362 Starting new HTTP connection (1): gmapi.azurewebsites.net:80
DEBUG 2019-08-23 09:51:58,578 http://gmapi.azurewebsites.net:80 "POST /getVehicleInfoService HTTP/1.1" 200 281
INFO 2019-08-23 09:51:58,582 Request with id: 1234: 
{'vin': '123123412412', 'color': 'Metallic Silver', 'doorCount': 4, 'driveTrain': 'v8'}
INFO 2019-08-23 09:51:58,583 127.0.0.1 - - [23/Aug/2019 09:51:58] "GET /vehicles/1234 HTTP/1.1" 200 -
DEBUG 2019-08-23 09:52:02,530 Starting new HTTP connection (1): gmapi.azurewebsites.net:80
DEBUG 2019-08-23 09:52:02,667 http://gmapi.azurewebsites.net:80 "POST /getVehicleInfoService HTTP/1.1" 200 283
INFO 2019-08-23 09:52:02,672 Request with id: 1235: 
{'vin': '1235AZ91XP', 'color': 'Forest Green', 'doorCount': 2, 'driveTrain': 'electric'}
INFO 2019-08-23 09:52:02,673 127.0.0.1 - - [23/Aug/2019 09:52:02] "GET /vehicles/1235 HTTP/1.1" 200 -
DEBUG 2019-08-23 09:52:06,496 Starting new HTTP connection (1): gmapi.azurewebsites.net:80
DEBUG 2019-08-23 09:52:07,552 http://gmapi.azurewebsites.net:80 "POST /getVehicleInfoService HTTP/1.1" 200 168
ERROR 2019-08-23 09:52:07,554 Request with id: 0000: 
{'status': '404', 'reason': 'Vehicle id: 0000 not found.'}
INFO 2019-08-23 09:52:07,554 127.0.0.1 - - [23/Aug/2019 09:52:07] "GET /vehicles/0000 HTTP/1.1" 404 -
DEBUG 2019-08-23 09:52:14,616 Starting new HTTP connection (1): gmapi.azurewebsites.net:80
DEBUG 2019-08-23 09:52:14,787 http://gmapi.azurewebsites.net:80 "POST /getSecurityStatusService HTTP/1.1" 200 279
INFO 2019-08-23 09:52:14,788 id: 1234: 
Checking if 4 door...
INFO 2019-08-23 09:52:14,788 Request with id: 1234: 
[{'location': 'backRight', 'locked': True}, {'location': 'frontLeft', 'locked': True}, {'location': 'frontRight', 'locked': False}, {'location': 'backLeft', 'locked': True}]
INFO 2019-08-23 09:52:14,789 127.0.0.1 - - [23/Aug/2019 09:52:14] "GET /vehicles/1234/doors HTTP/1.1" 200 -
DEBUG 2019-08-23 09:52:17,625 Starting new HTTP connection (1): gmapi.azurewebsites.net:80
DEBUG 2019-08-23 09:52:17,754 http://gmapi.azurewebsites.net:80 "POST /getSecurityStatusService HTTP/1.1" 200 265
INFO 2019-08-23 09:52:17,756 id: 1235: 
Checking if 2 door...
INFO 2019-08-23 09:52:17,756 Request with id: 1235: 
[{'location': 'frontRight', 'locked': False}, {'location': 'frontLeft', 'locked': True}]
INFO 2019-08-23 09:52:17,757 127.0.0.1 - - [23/Aug/2019 09:52:17] "GET /vehicles/1235/doors HTTP/1.1" 200 -
DEBUG 2019-08-23 09:52:21,812 Starting new HTTP connection (1): gmapi.azurewebsites.net:80
DEBUG 2019-08-23 09:52:21,947 http://gmapi.azurewebsites.net:80 "POST /getSecurityStatusService HTTP/1.1" 200 168
ERROR 2019-08-23 09:52:21,948 Request with id: 0000: 
{'status': '404', 'reason': 'Vehicle id: 0000 not found.'}
INFO 2019-08-23 09:52:21,949 127.0.0.1 - - [23/Aug/2019 09:52:21] "GET /vehicles/0000/doors HTTP/1.1" 404 -
DEBUG 2019-08-23 09:52:26,339 Starting new HTTP connection (1): gmapi.azurewebsites.net:80
DEBUG 2019-08-23 09:52:26,440 http://gmapi.azurewebsites.net:80 "POST /getEnergyService HTTP/1.1" 200 216
INFO 2019-08-23 09:52:26,442 Request with id: 1234: 
{'percent': 27.47}
INFO 2019-08-23 09:52:26,442 127.0.0.1 - - [23/Aug/2019 09:52:26] "GET /vehicles/1234/fuel HTTP/1.1" 200 -
DEBUG 2019-08-23 09:52:28,554 Starting new HTTP connection (1): gmapi.azurewebsites.net:80
DEBUG 2019-08-23 09:52:28,707 http://gmapi.azurewebsites.net:80 "POST /getEnergyService HTTP/1.1" 200 216
INFO 2019-08-23 09:52:28,709 Request with id: 1235: 
{'percent': 'null'}
INFO 2019-08-23 09:52:28,709 127.0.0.1 - - [23/Aug/2019 09:52:28] "GET /vehicles/1235/fuel HTTP/1.1" 200 -
DEBUG 2019-08-23 09:52:34,083 Starting new HTTP connection (1): gmapi.azurewebsites.net:80
DEBUG 2019-08-23 09:52:34,203 http://gmapi.azurewebsites.net:80 "POST /getEnergyService HTTP/1.1" 200 168
ERROR 2019-08-23 09:52:34,233 Request with id: 0000: 
{'status': '404', 'reason': 'Vehicle id: 0000 not found.'}
INFO 2019-08-23 09:52:34,234 127.0.0.1 - - [23/Aug/2019 09:52:34] "GET /vehicles/0000/fuel HTTP/1.1" 404 -
DEBUG 2019-08-23 09:52:40,867 Starting new HTTP connection (1): gmapi.azurewebsites.net:80
DEBUG 2019-08-23 09:52:40,977 http://gmapi.azurewebsites.net:80 "POST /getEnergyService HTTP/1.1" 200 216
INFO 2019-08-23 09:52:40,978 Request with id: 1234: 
{'percent': 'null'}
INFO 2019-08-23 09:52:40,979 127.0.0.1 - - [23/Aug/2019 09:52:40] "GET /vehicles/1234/battery HTTP/1.1" 200 -
DEBUG 2019-08-23 09:52:44,335 Starting new HTTP connection (1): gmapi.azurewebsites.net:80
DEBUG 2019-08-23 09:52:44,447 http://gmapi.azurewebsites.net:80 "POST /getEnergyService HTTP/1.1" 200 216
INFO 2019-08-23 09:52:44,448 Request with id: 1235: 
{'percent': 63.39}
INFO 2019-08-23 09:52:44,448 127.0.0.1 - - [23/Aug/2019 09:52:44] "GET /vehicles/1235/battery HTTP/1.1" 200 -
DEBUG 2019-08-23 09:52:47,809 Starting new HTTP connection (1): gmapi.azurewebsites.net:80
DEBUG 2019-08-23 09:52:47,923 http://gmapi.azurewebsites.net:80 "POST /getEnergyService HTTP/1.1" 200 168
ERROR 2019-08-23 09:52:47,924 Request with id: 0000: 
{'status': '404', 'reason': 'Vehicle id: 0000 not found.'}
INFO 2019-08-23 09:52:47,925 127.0.0.1 - - [23/Aug/2019 09:52:47] "GET /vehicles/0000/battery HTTP/1.1" 404 -
DEBUG 2019-08-23 09:53:06,428 Starting new HTTP connection (1): gmapi.azurewebsites.net:80
DEBUG 2019-08-23 09:53:06,556 http://gmapi.azurewebsites.net:80 "POST /actionEngineService HTTP/1.1" 200 180
INFO 2019-08-23 09:53:06,558 Request with id: 1234: 
{'service': 'actionEngine', 'status': '200', 'actionResult': {'status': 'FAILED'}}
INFO 2019-08-23 09:53:06,559 127.0.0.1 - - [23/Aug/2019 09:53:06] "POST /vehicles/1234/engine HTTP/1.1" 200 -
DEBUG 2019-08-23 09:53:09,331 Starting new HTTP connection (1): gmapi.azurewebsites.net:80
DEBUG 2019-08-23 09:53:09,480 http://gmapi.azurewebsites.net:80 "POST /actionEngineService HTTP/1.1" 200 182
INFO 2019-08-23 09:53:09,481 Request with id: 1234: 
{'service': 'actionEngine', 'status': '200', 'actionResult': {'status': 'EXECUTED'}}
INFO 2019-08-23 09:53:09,482 127.0.0.1 - - [23/Aug/2019 09:53:09] "POST /vehicles/1234/engine HTTP/1.1" 200 -
DEBUG 2019-08-23 09:53:14,121 Starting new HTTP connection (1): gmapi.azurewebsites.net:80
DEBUG 2019-08-23 09:53:14,247 http://gmapi.azurewebsites.net:80 "POST /actionEngineService HTTP/1.1" 200 180
INFO 2019-08-23 09:53:14,248 Request with id: 1235: 
{'service': 'actionEngine', 'status': '200', 'actionResult': {'status': 'FAILED'}}
INFO 2019-08-23 09:53:14,249 127.0.0.1 - - [23/Aug/2019 09:53:14] "POST /vehicles/1235/engine HTTP/1.1" 200 -
DEBUG 2019-08-23 09:53:15,718 Starting new HTTP connection (1): gmapi.azurewebsites.net:80
DEBUG 2019-08-23 09:53:15,846 http://gmapi.azurewebsites.net:80 "POST /actionEngineService HTTP/1.1" 200 182
INFO 2019-08-23 09:53:15,847 Request with id: 1235: 
{'service': 'actionEngine', 'status': '200', 'actionResult': {'status': 'EXECUTED'}}
INFO 2019-08-23 09:53:15,848 127.0.0.1 - - [23/Aug/2019 09:53:15] "POST /vehicles/1235/engine HTTP/1.1" 200 -
DEBUG 2019-08-23 09:53:21,537 Starting new HTTP connection (1): gmapi.azurewebsites.net:80
DEBUG 2019-08-23 09:53:21,652 http://gmapi.azurewebsites.net:80 "POST /actionEngineService HTTP/1.1" 200 168
ERROR 2019-08-23 09:53:21,653 Request with id: 0000: 
{'status': '404', 'reason': 'Vehicle id: 0000 not found.'}
INFO 2019-08-23 09:53:21,654 127.0.0.1 - - [23/Aug/2019 09:53:21] "POST /vehicles/0000/engine HTTP/1.1" 404 -
